<?xml version="1.0" encoding="UTF-8"?>
<testsuite xmlns:xsi="http://www.w3.org/2001/XMLSchema-instance" xsi:noNamespaceSchemaLocation="https://maven.apache.org/surefire/maven-surefire-plugin/xsd/surefire-test-report.xsd" name="unit.TestClass" time="0.014" tests="1" errors="0" skipped="0" failures="0">
  <properties>
    <property name="gopherProxySet" value="false"/>
    <property name="awt.toolkit" value="sun.lwawt.macosx.LWCToolkit"/>
    <property name="file.encoding.pkg" value="sun.io"/>
    <property name="java.specification.version" value="1.8"/>
    <property name="sun.cpu.isalist" value=""/>
    <property name="sun.jnu.encoding" value="UTF-8"/>
    <property name="java.class.path" value="/Users/rahulramji/Padlock/rpa-connector-maven/target/test-classes:/Users/rahulramji/Padlock/rpa-connector-maven/target/classes:/Users/rahulramji/Optus_Applications/oss-tools/oss-lbs-deps/org/springframework/boot/spring-boot-starter-web/2.1.5.RELEASE/spring-boot-starter-web-2.1.5.RELEASE.jar:/Users/rahulramji/Optus_Applications/oss-tools/oss-lbs-deps/org/springframework/boot/spring-boot-starter/2.1.5.RELEASE/spring-boot-starter-2.1.5.RELEASE.jar:/Users/rahulramji/Optus_Applications/oss-tools/oss-lbs-deps/org/springframework/boot/spring-boot/2.1.5.RELEASE/spring-boot-2.1.5.RELEASE.jar:/Users/rahulramji/Optus_Applications/oss-tools/oss-lbs-deps/org/springframework/boot/spring-boot-autoconfigure/2.1.5.RELEASE/spring-boot-autoconfigure-2.1.5.RELEASE.jar:/Users/rahulramji/Optus_Applications/oss-tools/oss-lbs-deps/org/springframework/boot/spring-boot-starter-logging/2.1.5.RELEASE/spring-boot-starter-logging-2.1.5.RELEASE.jar:/Users/rahulramji/Optus_Applications/oss-tools/oss-lbs-deps/ch/qos/logback/logback-classic/1.2.3/logback-classic-1.2.3.jar:/Users/rahulramji/Optus_Applications/oss-tools/oss-lbs-deps/ch/qos/logback/logback-core/1.2.3/logback-core-1.2.3.jar:/Users/rahulramji/Optus_Applications/oss-tools/oss-lbs-deps/org/apache/logging/log4j/log4j-to-slf4j/2.11.2/log4j-to-slf4j-2.11.2.jar:/Users/rahulramji/Optus_Applications/oss-tools/oss-lbs-deps/org/apache/logging/log4j/log4j-api/2.11.2/log4j-api-2.11.2.jar:/Users/rahulramji/Optus_Applications/oss-tools/oss-lbs-deps/org/slf4j/jul-to-slf4j/1.7.26/jul-to-slf4j-1.7.26.jar:/Users/rahulramji/Optus_Applications/oss-tools/oss-lbs-deps/org/yaml/snakeyaml/1.23/snakeyaml-1.23.jar:/Users/rahulramji/Optus_Applications/oss-tools/oss-lbs-deps/org/springframework/boot/spring-boot-starter-json/2.1.5.RELEASE/spring-boot-starter-json-2.1.5.RELEASE.jar:/Users/rahulramji/Optus_Applications/oss-tools/oss-lbs-deps/com/fasterxml/jackson/datatype/jackson-datatype-jdk8/2.9.8/jackson-datatype-jdk8-2.9.8.jar:/Users/rahulramji/Optus_Applications/oss-tools/oss-lbs-deps/com/fasterxml/jackson/module/jackson-module-parameter-names/2.9.8/jackson-module-parameter-names-2.9.8.jar:/Users/rahulramji/Optus_Applications/oss-tools/oss-lbs-deps/org/springframework/boot/spring-boot-starter-tomcat/2.1.5.RELEASE/spring-boot-starter-tomcat-2.1.5.RELEASE.jar:/Users/rahulramji/Optus_Applications/oss-tools/oss-lbs-deps/org/apache/tomcat/embed/tomcat-embed-core/9.0.19/tomcat-embed-core-9.0.19.jar:/Users/rahulramji/Optus_Applications/oss-tools/oss-lbs-deps/org/apache/tomcat/embed/tomcat-embed-el/9.0.19/tomcat-embed-el-9.0.19.jar:/Users/rahulramji/Optus_Applications/oss-tools/oss-lbs-deps/org/apache/tomcat/embed/tomcat-embed-websocket/9.0.19/tomcat-embed-websocket-9.0.19.jar:/Users/rahulramji/Optus_Applications/oss-tools/oss-lbs-deps/org/hibernate/validator/hibernate-validator/6.0.16.Final/hibernate-validator-6.0.16.Final.jar:/Users/rahulramji/Optus_Applications/oss-tools/oss-lbs-deps/javax/validation/validation-api/2.0.1.Final/validation-api-2.0.1.Final.jar:/Users/rahulramji/Optus_Applications/oss-tools/oss-lbs-deps/org/jboss/logging/jboss-logging/3.3.2.Final/jboss-logging-3.3.2.Final.jar:/Users/rahulramji/Optus_Applications/oss-tools/oss-lbs-deps/com/fasterxml/classmate/1.4.0/classmate-1.4.0.jar:/Users/rahulramji/Optus_Applications/oss-tools/oss-lbs-deps/org/springframework/spring-web/5.1.7.RELEASE/spring-web-5.1.7.RELEASE.jar:/Users/rahulramji/Optus_Applications/oss-tools/oss-lbs-deps/org/springframework/spring-beans/5.1.7.RELEASE/spring-beans-5.1.7.RELEASE.jar:/Users/rahulramji/Optus_Applications/oss-tools/oss-lbs-deps/org/springframework/spring-webmvc/5.1.7.RELEASE/spring-webmvc-5.1.7.RELEASE.jar:/Users/rahulramji/Optus_Applications/oss-tools/oss-lbs-deps/org/springframework/spring-aop/5.1.7.RELEASE/spring-aop-5.1.7.RELEASE.jar:/Users/rahulramji/Optus_Applications/oss-tools/oss-lbs-deps/org/springframework/spring-context/5.1.7.RELEASE/spring-context-5.1.7.RELEASE.jar:/Users/rahulramji/Optus_Applications/oss-tools/oss-lbs-deps/org/springframework/spring-expression/5.1.7.RELEASE/spring-expression-5.1.7.RELEASE.jar:/Users/rahulramji/Optus_Applications/oss-tools/oss-lbs-deps/org/springframework/boot/spring-boot-starter-actuator/2.1.5.RELEASE/spring-boot-starter-actuator-2.1.5.RELEASE.jar:/Users/rahulramji/Optus_Applications/oss-tools/oss-lbs-deps/org/springframework/boot/spring-boot-actuator-autoconfigure/2.1.5.RELEASE/spring-boot-actuator-autoconfigure-2.1.5.RELEASE.jar:/Users/rahulramji/Optus_Applications/oss-tools/oss-lbs-deps/org/springframework/boot/spring-boot-actuator/2.1.5.RELEASE/spring-boot-actuator-2.1.5.RELEASE.jar:/Users/rahulramji/Optus_Applications/oss-tools/oss-lbs-deps/io/micrometer/micrometer-core/1.1.4/micrometer-core-1.1.4.jar:/Users/rahulramji/Optus_Applications/oss-tools/oss-lbs-deps/org/hdrhistogram/HdrHistogram/2.1.9/HdrHistogram-2.1.9.jar:/Users/rahulramji/Optus_Applications/oss-tools/oss-lbs-deps/org/latencyutils/LatencyUtils/2.0.3/LatencyUtils-2.0.3.jar:/Users/rahulramji/Optus_Applications/oss-tools/oss-lbs-deps/org/apache/camel/camel-core/2.20.0/camel-core-2.20.0.jar:/Users/rahulramji/Optus_Applications/oss-tools/oss-lbs-deps/org/slf4j/slf4j-api/1.7.26/slf4j-api-1.7.26.jar:/Users/rahulramji/Optus_Applications/oss-tools/oss-lbs-deps/com/sun/xml/bind/jaxb-core/2.2.11/jaxb-core-2.2.11.jar:/Users/rahulramji/Optus_Applications/oss-tools/oss-lbs-deps/com/sun/xml/bind/jaxb-impl/2.2.11/jaxb-impl-2.2.11.jar:/Users/rahulramji/Optus_Applications/oss-tools/oss-lbs-deps/org/apache/camel/camel-kafka/2.20.0/camel-kafka-2.20.0.jar:/Users/rahulramji/Optus_Applications/oss-tools/oss-lbs-deps/org/apache/kafka/kafka-clients/2.3.0/kafka-clients-2.3.0.jar:/Users/rahulramji/Optus_Applications/oss-tools/oss-lbs-deps/com/github/luben/zstd-jni/1.4.0-1/zstd-jni-1.4.0-1.jar:/Users/rahulramji/Optus_Applications/oss-tools/oss-lbs-deps/org/lz4/lz4-java/1.6.0/lz4-java-1.6.0.jar:/Users/rahulramji/Optus_Applications/oss-tools/oss-lbs-deps/org/xerial/snappy/snappy-java/1.1.7.3/snappy-java-1.1.7.3.jar:/Users/rahulramji/Optus_Applications/oss-tools/oss-lbs-deps/org/apache/camel/camel-stream/2.20.0/camel-stream-2.20.0.jar:/Users/rahulramji/Optus_Applications/oss-tools/oss-lbs-deps/org/scala-lang/scala-library/2.11.0/scala-library-2.11.0.jar:/Users/rahulramji/Optus_Applications/oss-tools/oss-lbs-deps/org/apache/camel/camel-xmljson/2.20.0/camel-xmljson-2.20.0.jar:/Users/rahulramji/Optus_Applications/oss-tools/oss-lbs-deps/net/sf/json-lib/json-lib/2.4/json-lib-2.4-jdk15.jar:/Users/rahulramji/Optus_Applications/oss-tools/oss-lbs-deps/commons-beanutils/commons-beanutils/1.8.0/commons-beanutils-1.8.0.jar:/Users/rahulramji/Optus_Applications/oss-tools/oss-lbs-deps/commons-collections/commons-collections/3.2.1/commons-collections-3.2.1.jar:/Users/rahulramji/Optus_Applications/oss-tools/oss-lbs-deps/commons-logging/commons-logging/1.1.1/commons-logging-1.1.1.jar:/Users/rahulramji/Optus_Applications/oss-tools/oss-lbs-deps/net/sf/ezmorph/ezmorph/1.0.6/ezmorph-1.0.6.jar:/Users/rahulramji/Optus_Applications/oss-tools/oss-lbs-deps/commons-lang/commons-lang/2.6/commons-lang-2.6.jar:/Users/rahulramji/Optus_Applications/oss-tools/oss-lbs-deps/xom/xom/1.2.5/xom-1.2.5.jar:/Users/rahulramji/Optus_Applications/oss-tools/oss-lbs-deps/xml-apis/xml-apis/1.4.01/xml-apis-1.4.01.jar:/Users/rahulramji/Optus_Applications/oss-tools/oss-lbs-deps/xerces/xercesImpl/2.8.0/xercesImpl-2.8.0.jar:/Users/rahulramji/Optus_Applications/oss-tools/oss-lbs-deps/xalan/xalan/2.7.0/xalan-2.7.0.jar:/Users/rahulramji/Optus_Applications/oss-tools/oss-lbs-deps/org/glassfish/jersey/core/jersey-client/2.26/jersey-client-2.26.jar:/Users/rahulramji/Optus_Applications/oss-tools/oss-lbs-deps/javax/ws/rs/javax.ws.rs-api/2.1/javax.ws.rs-api-2.1.jar:/Users/rahulramji/Optus_Applications/oss-tools/oss-lbs-deps/org/glassfish/hk2/external/javax.inject/2.5.0-b42/javax.inject-2.5.0-b42.jar:/Users/rahulramji/Optus_Applications/oss-tools/oss-lbs-deps/org/glassfish/jersey/media/jersey-media-json-jackson/2.26/jersey-media-json-jackson-2.26.jar:/Users/rahulramji/Optus_Applications/oss-tools/oss-lbs-deps/org/glassfish/jersey/ext/jersey-entity-filtering/2.27/jersey-entity-filtering-2.27.jar:/Users/rahulramji/Optus_Applications/oss-tools/oss-lbs-deps/com/fasterxml/jackson/core/jackson-annotations/2.9.0/jackson-annotations-2.9.0.jar:/Users/rahulramji/Optus_Applications/oss-tools/oss-lbs-deps/com/fasterxml/jackson/core/jackson-databind/2.9.8/jackson-databind-2.9.8.jar:/Users/rahulramji/Optus_Applications/oss-tools/oss-lbs-deps/com/fasterxml/jackson/module/jackson-module-jaxb-annotations/2.9.8/jackson-module-jaxb-annotations-2.9.8.jar:/Users/rahulramji/Optus_Applications/oss-tools/oss-lbs-deps/org/glassfish/jersey/inject/jersey-hk2/2.26/jersey-hk2-2.26.jar:/Users/rahulramji/Optus_Applications/oss-tools/oss-lbs-deps/org/glassfish/hk2/hk2-locator/2.5.0-b42/hk2-locator-2.5.0-b42.jar:/Users/rahulramji/Optus_Applications/oss-tools/oss-lbs-deps/org/glassfish/hk2/external/aopalliance-repackaged/2.5.0-b42/aopalliance-repackaged-2.5.0-b42.jar:/Users/rahulramji/Optus_Applications/oss-tools/oss-lbs-deps/org/glassfish/hk2/hk2-api/2.5.0-b42/hk2-api-2.5.0-b42.jar:/Users/rahulramji/Optus_Applications/oss-tools/oss-lbs-deps/javax/inject/javax.inject/1/javax.inject-1.jar:/Users/rahulramji/Optus_Applications/oss-tools/oss-lbs-deps/org/glassfish/hk2/hk2-utils/2.5.0-b42/hk2-utils-2.5.0-b42.jar:/Users/rahulramji/Optus_Applications/oss-tools/oss-lbs-deps/org/javassist/javassist/3.22.0-CR2/javassist-3.22.0-CR2.jar:/Users/rahulramji/Optus_Applications/oss-tools/oss-lbs-deps/org/glassfish/jersey/core/jersey-common/2.26/jersey-common-2.26.jar:/Users/rahulramji/Optus_Applications/oss-tools/oss-lbs-deps/javax/annotation/javax.annotation-api/1.3.2/javax.annotation-api-1.3.2.jar:/Users/rahulramji/Optus_Applications/oss-tools/oss-lbs-deps/org/glassfish/hk2/osgi-resource-locator/1.0.1/osgi-resource-locator-1.0.1.jar:/Users/rahulramji/Optus_Applications/oss-tools/oss-lbs-deps/com/fasterxml/jackson/datatype/jackson-datatype-jsr310/2.7.3/jackson-datatype-jsr310-2.7.3.jar:/Users/rahulramji/Optus_Applications/oss-tools/oss-lbs-deps/com/fasterxml/jackson/core/jackson-core/2.9.8/jackson-core-2.9.8.jar:/Users/rahulramji/Optus_Applications/oss-tools/oss-lbs-deps/org/springframework/boot/spring-boot-starter-test/2.1.5.RELEASE/spring-boot-starter-test-2.1.5.RELEASE.jar:/Users/rahulramji/Optus_Applications/oss-tools/oss-lbs-deps/org/springframework/boot/spring-boot-test/2.1.5.RELEASE/spring-boot-test-2.1.5.RELEASE.jar:/Users/rahulramji/Optus_Applications/oss-tools/oss-lbs-deps/org/springframework/boot/spring-boot-test-autoconfigure/2.1.5.RELEASE/spring-boot-test-autoconfigure-2.1.5.RELEASE.jar:/Users/rahulramji/Optus_Applications/oss-tools/oss-lbs-deps/com/jayway/jsonpath/json-path/2.4.0/json-path-2.4.0.jar:/Users/rahulramji/Optus_Applications/oss-tools/oss-lbs-deps/net/minidev/json-smart/2.3/json-smart-2.3.jar:/Users/rahulramji/Optus_Applications/oss-tools/oss-lbs-deps/net/minidev/accessors-smart/1.2/accessors-smart-1.2.jar:/Users/rahulramji/Optus_Applications/oss-tools/oss-lbs-deps/org/ow2/asm/asm/5.0.4/asm-5.0.4.jar:/Users/rahulramji/Optus_Applications/oss-tools/oss-lbs-deps/junit/junit/4.12/junit-4.12.jar:/Users/rahulramji/Optus_Applications/oss-tools/oss-lbs-deps/org/assertj/assertj-core/3.11.1/assertj-core-3.11.1.jar:/Users/rahulramji/Optus_Applications/oss-tools/oss-lbs-deps/org/mockito/mockito-core/2.23.4/mockito-core-2.23.4.jar:/Users/rahulramji/Optus_Applications/oss-tools/oss-lbs-deps/net/bytebuddy/byte-buddy/1.9.12/byte-buddy-1.9.12.jar:/Users/rahulramji/Optus_Applications/oss-tools/oss-lbs-deps/net/bytebuddy/byte-buddy-agent/1.9.12/byte-buddy-agent-1.9.12.jar:/Users/rahulramji/Optus_Applications/oss-tools/oss-lbs-deps/org/objenesis/objenesis/2.6/objenesis-2.6.jar:/Users/rahulramji/Optus_Applications/oss-tools/oss-lbs-deps/org/hamcrest/hamcrest-core/1.3/hamcrest-core-1.3.jar:/Users/rahulramji/Optus_Applications/oss-tools/oss-lbs-deps/org/hamcrest/hamcrest-library/1.3/hamcrest-library-1.3.jar:/Users/rahulramji/Optus_Applications/oss-tools/oss-lbs-deps/org/skyscreamer/jsonassert/1.5.0/jsonassert-1.5.0.jar:/Users/rahulramji/Optus_Applications/oss-tools/oss-lbs-deps/com/vaadin/external/google/android-json/0.0.20131108.vaadin1/android-json-0.0.20131108.vaadin1.jar:/Users/rahulramji/Optus_Applications/oss-tools/oss-lbs-deps/org/springframework/spring-core/5.1.7.RELEASE/spring-core-5.1.7.RELEASE.jar:/Users/rahulramji/Optus_Applications/oss-tools/oss-lbs-deps/org/springframework/spring-jcl/5.1.7.RELEASE/spring-jcl-5.1.7.RELEASE.jar:/Users/rahulramji/Optus_Applications/oss-tools/oss-lbs-deps/org/springframework/spring-test/5.1.7.RELEASE/spring-test-5.1.7.RELEASE.jar:/Users/rahulramji/Optus_Applications/oss-tools/oss-lbs-deps/org/xmlunit/xmlunit-core/2.6.2/xmlunit-core-2.6.2.jar:/Users/rahulramji/Padlock/rpa-connector-maven/libs/authenticated-restclient-1.0.1-SNAPSHOT.jar:/Users/rahulramji/Optus_Applications/oss-tools/oss-lbs-deps/org/slf4j/slf4j-log4j12/1.7.26/slf4j-log4j12-1.7.26.jar:/Users/rahulramji/Optus_Applications/oss-tools/oss-lbs-deps/log4j/log4j/1.2.17/log4j-1.2.17.jar:"/>
    <property name="java.vm.vendor" value="Oracle Corporation"/>
    <property name="sun.arch.data.model" value="64"/>
    <property name="java.vendor.url" value="http://java.oracle.com/"/>
    <property name="user.timezone" value=""/>
    <property name="java.vm.specification.version" value="1.8"/>
    <property name="os.name" value="Mac OS X"/>
    <property name="user.country" value="GB"/>
    <property name="sun.java.launcher" value="SUN_STANDARD"/>
    <property name="sun.boot.library.path" value="/Library/Java/JavaVirtualMachines/jdk1.8.0_111.jdk/Contents/Home/jre/lib"/>
    <property name="sun.java.command" value="/Users/rahulramji/Padlock/rpa-connector-maven/target/surefire/surefirebooter3281764215774320693.jar /Users/rahulramji/Padlock/rpa-connector-maven/target/surefire 2020-01-21T00-30-17_188-jvmRun1 surefire4417055698966068084tmp surefire_08862700409703090157tmp"/>
    <property name="http.nonProxyHosts" value="local|*.local|169.254/16|*.169.254/16"/>
    <property name="surefire.test.class.path" value="/Users/rahulramji/Padlock/rpa-connector-maven/target/test-classes:/Users/rahulramji/Padlock/rpa-connector-maven/target/classes:/Users/rahulramji/Optus_Applications/oss-tools/oss-lbs-deps/org/springframework/boot/spring-boot-starter-web/2.1.5.RELEASE/spring-boot-starter-web-2.1.5.RELEASE.jar:/Users/rahulramji/Optus_Applications/oss-tools/oss-lbs-deps/org/springframework/boot/spring-boot-starter/2.1.5.RELEASE/spring-boot-starter-2.1.5.RELEASE.jar:/Users/rahulramji/Optus_Applications/oss-tools/oss-lbs-deps/org/springframework/boot/spring-boot/2.1.5.RELEASE/spring-boot-2.1.5.RELEASE.jar:/Users/rahulramji/Optus_Applications/oss-tools/oss-lbs-deps/org/springframework/boot/spring-boot-autoconfigure/2.1.5.RELEASE/spring-boot-autoconfigure-2.1.5.RELEASE.jar:/Users/rahulramji/Optus_Applications/oss-tools/oss-lbs-deps/org/springframework/boot/spring-boot-starter-logging/2.1.5.RELEASE/spring-boot-starter-logging-2.1.5.RELEASE.jar:/Users/rahulramji/Optus_Applications/oss-tools/oss-lbs-deps/ch/qos/logback/logback-classic/1.2.3/logback-classic-1.2.3.jar:/Users/rahulramji/Optus_Applications/oss-tools/oss-lbs-deps/ch/qos/logback/logback-core/1.2.3/logback-core-1.2.3.jar:/Users/rahulramji/Optus_Applications/oss-tools/oss-lbs-deps/org/apache/logging/log4j/log4j-to-slf4j/2.11.2/log4j-to-slf4j-2.11.2.jar:/Users/rahulramji/Optus_Applications/oss-tools/oss-lbs-deps/org/apache/logging/log4j/log4j-api/2.11.2/log4j-api-2.11.2.jar:/Users/rahulramji/Optus_Applications/oss-tools/oss-lbs-deps/org/slf4j/jul-to-slf4j/1.7.26/jul-to-slf4j-1.7.26.jar:/Users/rahulramji/Optus_Applications/oss-tools/oss-lbs-deps/org/yaml/snakeyaml/1.23/snakeyaml-1.23.jar:/Users/rahulramji/Optus_Applications/oss-tools/oss-lbs-deps/org/springframework/boot/spring-boot-starter-json/2.1.5.RELEASE/spring-boot-starter-json-2.1.5.RELEASE.jar:/Users/rahulramji/Optus_Applications/oss-tools/oss-lbs-deps/com/fasterxml/jackson/datatype/jackson-datatype-jdk8/2.9.8/jackson-datatype-jdk8-2.9.8.jar:/Users/rahulramji/Optus_Applications/oss-tools/oss-lbs-deps/com/fasterxml/jackson/module/jackson-module-parameter-names/2.9.8/jackson-module-parameter-names-2.9.8.jar:/Users/rahulramji/Optus_Applications/oss-tools/oss-lbs-deps/org/springframework/boot/spring-boot-starter-tomcat/2.1.5.RELEASE/spring-boot-starter-tomcat-2.1.5.RELEASE.jar:/Users/rahulramji/Optus_Applications/oss-tools/oss-lbs-deps/org/apache/tomcat/embed/tomcat-embed-core/9.0.19/tomcat-embed-core-9.0.19.jar:/Users/rahulramji/Optus_Applications/oss-tools/oss-lbs-deps/org/apache/tomcat/embed/tomcat-embed-el/9.0.19/tomcat-embed-el-9.0.19.jar:/Users/rahulramji/Optus_Applications/oss-tools/oss-lbs-deps/org/apache/tomcat/embed/tomcat-embed-websocket/9.0.19/tomcat-embed-websocket-9.0.19.jar:/Users/rahulramji/Optus_Applications/oss-tools/oss-lbs-deps/org/hibernate/validator/hibernate-validator/6.0.16.Final/hibernate-validator-6.0.16.Final.jar:/Users/rahulramji/Optus_Applications/oss-tools/oss-lbs-deps/javax/validation/validation-api/2.0.1.Final/validation-api-2.0.1.Final.jar:/Users/rahulramji/Optus_Applications/oss-tools/oss-lbs-deps/org/jboss/logging/jboss-logging/3.3.2.Final/jboss-logging-3.3.2.Final.jar:/Users/rahulramji/Optus_Applications/oss-tools/oss-lbs-deps/com/fasterxml/classmate/1.4.0/classmate-1.4.0.jar:/Users/rahulramji/Optus_Applications/oss-tools/oss-lbs-deps/org/springframework/spring-web/5.1.7.RELEASE/spring-web-5.1.7.RELEASE.jar:/Users/rahulramji/Optus_Applications/oss-tools/oss-lbs-deps/org/springframework/spring-beans/5.1.7.RELEASE/spring-beans-5.1.7.RELEASE.jar:/Users/rahulramji/Optus_Applications/oss-tools/oss-lbs-deps/org/springframework/spring-webmvc/5.1.7.RELEASE/spring-webmvc-5.1.7.RELEASE.jar:/Users/rahulramji/Optus_Applications/oss-tools/oss-lbs-deps/org/springframework/spring-aop/5.1.7.RELEASE/spring-aop-5.1.7.RELEASE.jar:/Users/rahulramji/Optus_Applications/oss-tools/oss-lbs-deps/org/springframework/spring-context/5.1.7.RELEASE/spring-context-5.1.7.RELEASE.jar:/Users/rahulramji/Optus_Applications/oss-tools/oss-lbs-deps/org/springframework/spring-expression/5.1.7.RELEASE/spring-expression-5.1.7.RELEASE.jar:/Users/rahulramji/Optus_Applications/oss-tools/oss-lbs-deps/org/springframework/boot/spring-boot-starter-actuator/2.1.5.RELEASE/spring-boot-starter-actuator-2.1.5.RELEASE.jar:/Users/rahulramji/Optus_Applications/oss-tools/oss-lbs-deps/org/springframework/boot/spring-boot-actuator-autoconfigure/2.1.5.RELEASE/spring-boot-actuator-autoconfigure-2.1.5.RELEASE.jar:/Users/rahulramji/Optus_Applications/oss-tools/oss-lbs-deps/org/springframework/boot/spring-boot-actuator/2.1.5.RELEASE/spring-boot-actuator-2.1.5.RELEASE.jar:/Users/rahulramji/Optus_Applications/oss-tools/oss-lbs-deps/io/micrometer/micrometer-core/1.1.4/micrometer-core-1.1.4.jar:/Users/rahulramji/Optus_Applications/oss-tools/oss-lbs-deps/org/hdrhistogram/HdrHistogram/2.1.9/HdrHistogram-2.1.9.jar:/Users/rahulramji/Optus_Applications/oss-tools/oss-lbs-deps/org/latencyutils/LatencyUtils/2.0.3/LatencyUtils-2.0.3.jar:/Users/rahulramji/Optus_Applications/oss-tools/oss-lbs-deps/org/apache/camel/camel-core/2.20.0/camel-core-2.20.0.jar:/Users/rahulramji/Optus_Applications/oss-tools/oss-lbs-deps/org/slf4j/slf4j-api/1.7.26/slf4j-api-1.7.26.jar:/Users/rahulramji/Optus_Applications/oss-tools/oss-lbs-deps/com/sun/xml/bind/jaxb-core/2.2.11/jaxb-core-2.2.11.jar:/Users/rahulramji/Optus_Applications/oss-tools/oss-lbs-deps/com/sun/xml/bind/jaxb-impl/2.2.11/jaxb-impl-2.2.11.jar:/Users/rahulramji/Optus_Applications/oss-tools/oss-lbs-deps/org/apache/camel/camel-kafka/2.20.0/camel-kafka-2.20.0.jar:/Users/rahulramji/Optus_Applications/oss-tools/oss-lbs-deps/org/apache/kafka/kafka-clients/2.3.0/kafka-clients-2.3.0.jar:/Users/rahulramji/Optus_Applications/oss-tools/oss-lbs-deps/com/github/luben/zstd-jni/1.4.0-1/zstd-jni-1.4.0-1.jar:/Users/rahulramji/Optus_Applications/oss-tools/oss-lbs-deps/org/lz4/lz4-java/1.6.0/lz4-java-1.6.0.jar:/Users/rahulramji/Optus_Applications/oss-tools/oss-lbs-deps/org/xerial/snappy/snappy-java/1.1.7.3/snappy-java-1.1.7.3.jar:/Users/rahulramji/Optus_Applications/oss-tools/oss-lbs-deps/org/apache/camel/camel-stream/2.20.0/camel-stream-2.20.0.jar:/Users/rahulramji/Optus_Applications/oss-tools/oss-lbs-deps/org/scala-lang/scala-library/2.11.0/scala-library-2.11.0.jar:/Users/rahulramji/Optus_Applications/oss-tools/oss-lbs-deps/org/apache/camel/camel-xmljson/2.20.0/camel-xmljson-2.20.0.jar:/Users/rahulramji/Optus_Applications/oss-tools/oss-lbs-deps/net/sf/json-lib/json-lib/2.4/json-lib-2.4-jdk15.jar:/Users/rahulramji/Optus_Applications/oss-tools/oss-lbs-deps/commons-beanutils/commons-beanutils/1.8.0/commons-beanutils-1.8.0.jar:/Users/rahulramji/Optus_Applications/oss-tools/oss-lbs-deps/commons-collections/commons-collections/3.2.1/commons-collections-3.2.1.jar:/Users/rahulramji/Optus_Applications/oss-tools/oss-lbs-deps/commons-logging/commons-logging/1.1.1/commons-logging-1.1.1.jar:/Users/rahulramji/Optus_Applications/oss-tools/oss-lbs-deps/net/sf/ezmorph/ezmorph/1.0.6/ezmorph-1.0.6.jar:/Users/rahulramji/Optus_Applications/oss-tools/oss-lbs-deps/commons-lang/commons-lang/2.6/commons-lang-2.6.jar:/Users/rahulramji/Optus_Applications/oss-tools/oss-lbs-deps/xom/xom/1.2.5/xom-1.2.5.jar:/Users/rahulramji/Optus_Applications/oss-tools/oss-lbs-deps/xml-apis/xml-apis/1.4.01/xml-apis-1.4.01.jar:/Users/rahulramji/Optus_Applications/oss-tools/oss-lbs-deps/xerces/xercesImpl/2.8.0/xercesImpl-2.8.0.jar:/Users/rahulramji/Optus_Applications/oss-tools/oss-lbs-deps/xalan/xalan/2.7.0/xalan-2.7.0.jar:/Users/rahulramji/Optus_Applications/oss-tools/oss-lbs-deps/org/glassfish/jersey/core/jersey-client/2.26/jersey-client-2.26.jar:/Users/rahulramji/Optus_Applications/oss-tools/oss-lbs-deps/javax/ws/rs/javax.ws.rs-api/2.1/javax.ws.rs-api-2.1.jar:/Users/rahulramji/Optus_Applications/oss-tools/oss-lbs-deps/org/glassfish/hk2/external/javax.inject/2.5.0-b42/javax.inject-2.5.0-b42.jar:/Users/rahulramji/Optus_Applications/oss-tools/oss-lbs-deps/org/glassfish/jersey/media/jersey-media-json-jackson/2.26/jersey-media-json-jackson-2.26.jar:/Users/rahulramji/Optus_Applications/oss-tools/oss-lbs-deps/org/glassfish/jersey/ext/jersey-entity-filtering/2.27/jersey-entity-filtering-2.27.jar:/Users/rahulramji/Optus_Applications/oss-tools/oss-lbs-deps/com/fasterxml/jackson/core/jackson-annotations/2.9.0/jackson-annotations-2.9.0.jar:/Users/rahulramji/Optus_Applications/oss-tools/oss-lbs-deps/com/fasterxml/jackson/core/jackson-databind/2.9.8/jackson-databind-2.9.8.jar:/Users/rahulramji/Optus_Applications/oss-tools/oss-lbs-deps/com/fasterxml/jackson/module/jackson-module-jaxb-annotations/2.9.8/jackson-module-jaxb-annotations-2.9.8.jar:/Users/rahulramji/Optus_Applications/oss-tools/oss-lbs-deps/org/glassfish/jersey/inject/jersey-hk2/2.26/jersey-hk2-2.26.jar:/Users/rahulramji/Optus_Applications/oss-tools/oss-lbs-deps/org/glassfish/hk2/hk2-locator/2.5.0-b42/hk2-locator-2.5.0-b42.jar:/Users/rahulramji/Optus_Applications/oss-tools/oss-lbs-deps/org/glassfish/hk2/external/aopalliance-repackaged/2.5.0-b42/aopalliance-repackaged-2.5.0-b42.jar:/Users/rahulramji/Optus_Applications/oss-tools/oss-lbs-deps/org/glassfish/hk2/hk2-api/2.5.0-b42/hk2-api-2.5.0-b42.jar:/Users/rahulramji/Optus_Applications/oss-tools/oss-lbs-deps/javax/inject/javax.inject/1/javax.inject-1.jar:/Users/rahulramji/Optus_Applications/oss-tools/oss-lbs-deps/org/glassfish/hk2/hk2-utils/2.5.0-b42/hk2-utils-2.5.0-b42.jar:/Users/rahulramji/Optus_Applications/oss-tools/oss-lbs-deps/org/javassist/javassist/3.22.0-CR2/javassist-3.22.0-CR2.jar:/Users/rahulramji/Optus_Applications/oss-tools/oss-lbs-deps/org/glassfish/jersey/core/jersey-common/2.26/jersey-common-2.26.jar:/Users/rahulramji/Optus_Applications/oss-tools/oss-lbs-deps/javax/annotation/javax.annotation-api/1.3.2/javax.annotation-api-1.3.2.jar:/Users/rahulramji/Optus_Applications/oss-tools/oss-lbs-deps/org/glassfish/hk2/osgi-resource-locator/1.0.1/osgi-resource-locator-1.0.1.jar:/Users/rahulramji/Optus_Applications/oss-tools/oss-lbs-deps/com/fasterxml/jackson/datatype/jackson-datatype-jsr310/2.7.3/jackson-datatype-jsr310-2.7.3.jar:/Users/rahulramji/Optus_Applications/oss-tools/oss-lbs-deps/com/fasterxml/jackson/core/jackson-core/2.9.8/jackson-core-2.9.8.jar:/Users/rahulramji/Optus_Applications/oss-tools/oss-lbs-deps/org/springframework/boot/spring-boot-starter-test/2.1.5.RELEASE/spring-boot-starter-test-2.1.5.RELEASE.jar:/Users/rahulramji/Optus_Applications/oss-tools/oss-lbs-deps/org/springframework/boot/spring-boot-test/2.1.5.RELEASE/spring-boot-test-2.1.5.RELEASE.jar:/Users/rahulramji/Optus_Applications/oss-tools/oss-lbs-deps/org/springframework/boot/spring-boot-test-autoconfigure/2.1.5.RELEASE/spring-boot-test-autoconfigure-2.1.5.RELEASE.jar:/Users/rahulramji/Optus_Applications/oss-tools/oss-lbs-deps/com/jayway/jsonpath/json-path/2.4.0/json-path-2.4.0.jar:/Users/rahulramji/Optus_Applications/oss-tools/oss-lbs-deps/net/minidev/json-smart/2.3/json-smart-2.3.jar:/Users/rahulramji/Optus_Applications/oss-tools/oss-lbs-deps/net/minidev/accessors-smart/1.2/accessors-smart-1.2.jar:/Users/rahulramji/Optus_Applications/oss-tools/oss-lbs-deps/org/ow2/asm/asm/5.0.4/asm-5.0.4.jar:/Users/rahulramji/Optus_Applications/oss-tools/oss-lbs-deps/junit/junit/4.12/junit-4.12.jar:/Users/rahulramji/Optus_Applications/oss-tools/oss-lbs-deps/org/assertj/assertj-core/3.11.1/assertj-core-3.11.1.jar:/Users/rahulramji/Optus_Applications/oss-tools/oss-lbs-deps/org/mockito/mockito-core/2.23.4/mockito-core-2.23.4.jar:/Users/rahulramji/Optus_Applications/oss-tools/oss-lbs-deps/net/bytebuddy/byte-buddy/1.9.12/byte-buddy-1.9.12.jar:/Users/rahulramji/Optus_Applications/oss-tools/oss-lbs-deps/net/bytebuddy/byte-buddy-agent/1.9.12/byte-buddy-agent-1.9.12.jar:/Users/rahulramji/Optus_Applications/oss-tools/oss-lbs-deps/org/objenesis/objenesis/2.6/objenesis-2.6.jar:/Users/rahulramji/Optus_Applications/oss-tools/oss-lbs-deps/org/hamcrest/hamcrest-core/1.3/hamcrest-core-1.3.jar:/Users/rahulramji/Optus_Applications/oss-tools/oss-lbs-deps/org/hamcrest/hamcrest-library/1.3/hamcrest-library-1.3.jar:/Users/rahulramji/Optus_Applications/oss-tools/oss-lbs-deps/org/skyscreamer/jsonassert/1.5.0/jsonassert-1.5.0.jar:/Users/rahulramji/Optus_Applications/oss-tools/oss-lbs-deps/com/vaadin/external/google/android-json/0.0.20131108.vaadin1/android-json-0.0.20131108.vaadin1.jar:/Users/rahulramji/Optus_Applications/oss-tools/oss-lbs-deps/org/springframework/spring-core/5.1.7.RELEASE/spring-core-5.1.7.RELEASE.jar:/Users/rahulramji/Optus_Applications/oss-tools/oss-lbs-deps/org/springframework/spring-jcl/5.1.7.RELEASE/spring-jcl-5.1.7.RELEASE.jar:/Users/rahulramji/Optus_Applications/oss-tools/oss-lbs-deps/org/springframework/spring-test/5.1.7.RELEASE/spring-test-5.1.7.RELEASE.jar:/Users/rahulramji/Optus_Applications/oss-tools/oss-lbs-deps/org/xmlunit/xmlunit-core/2.6.2/xmlunit-core-2.6.2.jar:/Users/rahulramji/Padlock/rpa-connector-maven/libs/authenticated-restclient-1.0.1-SNAPSHOT.jar:/Users/rahulramji/Optus_Applications/oss-tools/oss-lbs-deps/org/slf4j/slf4j-log4j12/1.7.26/slf4j-log4j12-1.7.26.jar:/Users/rahulramji/Optus_Applications/oss-tools/oss-lbs-deps/log4j/log4j/1.2.17/log4j-1.2.17.jar:"/>
    <property name="sun.cpu.endian" value="little"/>
    <property name="user.home" value="/Users/rahulramji"/>
    <property name="user.language" value="en"/>
    <property name="java.specification.vendor" value="Oracle Corporation"/>
    <property name="java.home" value="/Library/Java/JavaVirtualMachines/jdk1.8.0_111.jdk/Contents/Home/jre"/>
    <property name="basedir" value="/Users/rahulramji/Padlock/rpa-connector-maven"/>
    <property name="file.separator" value="/"/>
    <property name="line.separator" value="&#10;"/>
    <property name="java.vm.specification.vendor" value="Oracle Corporation"/>
    <property name="java.specification.name" value="Java Platform API Specification"/>
    <property name="java.awt.graphicsenv" value="sun.awt.CGraphicsEnvironment"/>
    <property name="surefire.real.class.path" value="/Users/rahulramji/Padlock/rpa-connector-maven/target/surefire/surefirebooter3281764215774320693.jar"/>
    <property name="sun.boot.class.path" value="/Library/Java/JavaVirtualMachines/jdk1.8.0_111.jdk/Contents/Home/jre/lib/resources.jar:/Library/Java/JavaVirtualMachines/jdk1.8.0_111.jdk/Contents/Home/jre/lib/rt.jar:/Library/Java/JavaVirtualMachines/jdk1.8.0_111.jdk/Contents/Home/jre/lib/sunrsasign.jar:/Library/Java/JavaVirtualMachines/jdk1.8.0_111.jdk/Contents/Home/jre/lib/jsse.jar:/Library/Java/JavaVirtualMachines/jdk1.8.0_111.jdk/Contents/Home/jre/lib/jce.jar:/Library/Java/JavaVirtualMachines/jdk1.8.0_111.jdk/Contents/Home/jre/lib/charsets.jar:/Library/Java/JavaVirtualMachines/jdk1.8.0_111.jdk/Contents/Home/jre/lib/jfr.jar:/Library/Java/JavaVirtualMachines/jdk1.8.0_111.jdk/Contents/Home/jre/classes"/>
    <property name="sun.management.compiler" value="HotSpot 64-Bit Tiered Compilers"/>
    <property name="ftp.nonProxyHosts" value="local|*.local|169.254/16|*.169.254/16"/>
    <property name="java.runtime.version" value="1.8.0_111-b14"/>
    <property name="user.name" value="rahulramji"/>
    <property name="path.separator" value=":"/>
    <property name="os.version" value="10.12.6"/>
    <property name="java.endorsed.dirs" value="/Library/Java/JavaVirtualMachines/jdk1.8.0_111.jdk/Contents/Home/jre/lib/endorsed"/>
    <property name="java.runtime.name" value="Java(TM) SE Runtime Environment"/>
    <property name="file.encoding" value="UTF-8"/>
    <property name="java.vm.name" value="Java HotSpot(TM) 64-Bit Server VM"/>
    <property name="localRepository" value="/Users/rahulramji/Optus_Applications/oss-tools/oss-lbs-deps"/>
    <property name="java.vendor.url.bug" value="http://bugreport.sun.com/bugreport/"/>
    <property name="java.io.tmpdir" value="/var/folders/xn/n9ztsj_x1831rvf60fznkt7m0000gn/T/"/>
    <property name="java.version" value="1.8.0_111"/>
    <property name="user.dir" value="/Users/rahulramji/Padlock/rpa-connector-maven"/>
    <property name="os.arch" value="x86_64"/>
    <property name="java.vm.specification.name" value="Java Virtual Machine Specification"/>
    <property name="java.awt.printerjob" value="sun.lwawt.macosx.CPrinterJob"/>
    <property name="sun.os.patch.level" value="unknown"/>
    <property name="java.library.path" value="/Users/rahulramji/Library/Java/Extensions:/Library/Java/Extensions:/Network/Library/Java/Extensions:/System/Library/Java/Extensions:/usr/lib/java:."/>
    <property name="java.vm.info" value="mixed mode"/>
    <property name="java.vendor" value="Oracle Corporation"/>
    <property name="java.vm.version" value="25.111-b14"/>
    <property name="java.ext.dirs" value="/Users/rahulramji/Library/Java/Extensions:/Library/Java/JavaVirtualMachines/jdk1.8.0_111.jdk/Contents/Home/jre/lib/ext:/Library/Java/Extensions:/Network/Library/Java/Extensions:/System/Library/Java/Extensions:/usr/lib/java"/>
    <property name="sun.io.unicode.encoding" value="UnicodeBig"/>
    <property name="java.class.version" value="52.0"/>
    <property name="socksNonProxyHosts" value="local|*.local|169.254/16|*.169.254/16"/>
  </properties>
  <testcase name="repl" classname="unit.TestClass" time="0.012"/>
</testsuite>